mode: set
github.com/companieshouse/company-search-consumer/upsert/upsert.go:36.71,42.16 4 1
github.com/companieshouse/company-search-consumer/upsert/upsert.go:45.2,46.16 2 1
github.com/companieshouse/company-search-consumer/upsert/upsert.go:50.2,56.16 6 1
github.com/companieshouse/company-search-consumer/upsert/upsert.go:59.2,59.58 1 1
github.com/companieshouse/company-search-consumer/upsert/upsert.go:62.2,62.54 1 1
github.com/companieshouse/company-search-consumer/upsert/upsert.go:66.2,67.16 2 1
github.com/companieshouse/company-search-consumer/upsert/upsert.go:70.2,70.54 1 1
github.com/companieshouse/company-search-consumer/upsert/upsert.go:73.2,73.50 1 1
github.com/companieshouse/company-search-consumer/upsert/upsert.go:76.2,76.12 1 1
github.com/companieshouse/company-search-consumer/upsert/upsert.go:42.16,44.3 1 0
github.com/companieshouse/company-search-consumer/upsert/upsert.go:46.16,48.3 1 0
github.com/companieshouse/company-search-consumer/upsert/upsert.go:56.16,58.3 1 1
github.com/companieshouse/company-search-consumer/upsert/upsert.go:59.58,61.3 1 0
github.com/companieshouse/company-search-consumer/upsert/upsert.go:62.54,64.3 1 1
github.com/companieshouse/company-search-consumer/upsert/upsert.go:67.16,69.3 1 0
github.com/companieshouse/company-search-consumer/upsert/upsert.go:70.54,72.3 1 0
github.com/companieshouse/company-search-consumer/upsert/upsert.go:73.50,75.3 1 0
github.com/companieshouse/company-search-consumer/upsert/upsert_mock.go:24.57,28.2 3 0
github.com/companieshouse/company-search-consumer/upsert/upsert_mock.go:31.55,33.2 1 0
github.com/companieshouse/company-search-consumer/upsert/upsert_mock.go:36.67,41.2 4 0
github.com/companieshouse/company-search-consumer/upsert/upsert_mock.go:44.77,47.2 2 0
github.com/companieshouse/company-search-consumer/service/service.go:40.45,45.6 3 1
github.com/companieshouse/company-search-consumer/service/service.go:45.6,46.10 1 1
github.com/companieshouse/company-search-consumer/service/service.go:47.12,50.18 3 1
github.com/companieshouse/company-search-consumer/service/service.go:53.4,54.10 2 1
github.com/companieshouse/company-search-consumer/service/service.go:56.39,57.18 1 0
github.com/companieshouse/company-search-consumer/service/service.go:59.45,61.31 1 1
github.com/companieshouse/company-search-consumer/service/service.go:65.4,65.43 1 1
github.com/companieshouse/company-search-consumer/service/service.go:50.18,52.5 1 0
github.com/companieshouse/company-search-consumer/service/service.go:61.31,63.5 1 1
github.com/companieshouse/company-search-consumer/service/service.go:65.43,68.72 2 1
github.com/companieshouse/company-search-consumer/service/service.go:76.5,76.73 1 1
github.com/companieshouse/company-search-consumer/service/service.go:84.5,86.56 3 1
github.com/companieshouse/company-search-consumer/service/service.go:68.72,70.80 2 1
github.com/companieshouse/company-search-consumer/service/service.go:73.6,73.14 1 1
github.com/companieshouse/company-search-consumer/service/service.go:70.80,72.7 1 0
github.com/companieshouse/company-search-consumer/service/service.go:76.73,78.69 2 1
github.com/companieshouse/company-search-consumer/service/service.go:81.6,81.14 1 1
github.com/companieshouse/company-search-consumer/service/service.go:78.69,80.7 1 0
github.com/companieshouse/company-search-consumer/service/service.go:86.56,88.69 2 1
github.com/companieshouse/company-search-consumer/service/service.go:91.6,91.14 1 1
github.com/companieshouse/company-search-consumer/service/service.go:88.69,90.7 1 0
